<?xml version="1.0" encoding="UTF-8"?>
<testng-results ignored="0" total="1" passed="1" failed="0" skipped="0">
  <reporter-output>
  </reporter-output>
  <suite started-at="2021-08-12T08:50:29Z" name="Default suite" finished-at="2021-08-12T08:52:23Z" duration-ms="113874">
    <groups>
    </groups>
    <test started-at="2021-08-12T08:50:29Z" name="Default test" finished-at="2021-08-12T08:52:23Z" duration-ms="113874">
      <class name="com.experitest.auto.noon">
        <test-method is-config="true" signature="setUp()[pri:0, instance:com.experitest.auto.noon@b83a9be]" started-at="2021-08-12T11:50:29Z" name="setUp" finished-at="2021-08-12T11:50:46Z" duration-ms="16775" status="PASS">
          <reporter-output>
          </reporter-output>
        </test-method> <!-- setUp -->
        <test-method signature="noonTest()[pri:0, instance:com.experitest.auto.noon@b83a9be]" started-at="2021-08-12T11:50:46Z" name="noonTest" finished-at="2021-08-12T11:52:22Z" duration-ms="96296" status="PASS">
          <reporter-output>
          </reporter-output>
        </test-method> <!-- noonTest -->
        <test-method is-config="true" signature="End()[pri:0, instance:com.experitest.auto.noon@b83a9be]" started-at="2021-08-12T11:52:22Z" name="End" finished-at="2021-08-12T11:52:23Z" duration-ms="777" status="PASS">
          <reporter-output>
          </reporter-output>
        </test-method> <!-- End -->
      </class> <!-- com.experitest.auto.noon -->
    </test> <!-- Default test -->
  </suite> <!-- Default suite -->
</testng-results>
